2026-04-12 10:45:08.683: [INFO] VisibilityChanged: 0
2026-04-12 10:45:08.748: [INFO] RecordSyncInitDuration has_sync_been_enabled: 0 state: 0
2026-04-12 10:45:08.750: [INFO] RecordSyncInitDuration has_sync_been_enabled: 0 state: 0
2026-04-12 10:45:08.751: [INFO] RecordSyncInitDuration has_sync_been_enabled: 0 state: 0
2026-04-12 10:45:08.753: [INFO] RecordSyncInitDuration has_sync_been_enabled: 0 state: 0
2026-04-12 10:45:08.754: [INFO] RecordSyncInitDuration has_sync_been_enabled: 0 state: 0
2026-04-12 10:45:08.756: [INFO] RecordSyncInitDuration has_sync_been_enabled: 0 state: 0
2026-04-12 10:45:08.758: [INFO] RecordSyncInitDuration has_sync_been_enabled: 0 state: 0
2026-04-12 10:45:08.760: [INFO] RecordSyncInitDuration has_sync_been_enabled: 0 state: 0
2026-04-12 10:45:08.761: [INFO] RecordSyncInitDuration has_sync_been_enabled: 0 state: 0
2026-04-12 10:45:08.763: [INFO] RecordSyncInitDuration has_sync_been_enabled: 0 state: 0
2026-04-12 10:45:08.767: [INFO] RecordSyncInitDuration has_sync_been_enabled: 0 state: 0
2026-04-12 10:45:08.769: [INFO] RecordSyncInitDuration has_sync_been_enabled: 0 state: 0
2026-04-12 10:45:08.785: [INFO] BookmarkNodeAdded, ABU: 0
2026-04-12 10:45:08.787: [INFO] BookmarkNodeAdded, ABU: 0
2026-04-12 10:45:08.788: [INFO] BookmarkNodeAdded, ABU: 0
2026-04-12 10:45:08.789: [INFO] BookmarkNodeAdded, ABU: 0
2026-04-12 10:45:08.789: [INFO] BookmarkModelLoaded, ids_reassigned: 0
2026-04-12 10:45:08.789: [INFO] OnDoneLoading sync enabled: 0
2026-04-12 10:45:08.888: [INFO] RecordSyncInitDuration has_sync_been_enabled: 0 state: 0
2026-04-12 10:45:13.343: [INFO] BookmarkNodeAdded, ABU: 0
2026-04-12 10:45:13.344: [INFO] BookmarkNodeAdded, ABU: 0
2026-04-12 10:45:13.345: [INFO] BookmarkNodeAdded, ABU: 0
2026-04-12 10:45:16.146: [INFO] RecordSyncInitDuration has_sync_been_enabled: 0 state: 3
2026-04-12 10:45:16.170: [INFO] Primary account changed.
2026-04-12 10:45:16.170: [INFO] OnPrimaryAccountChanged PrimaryAccountChangeEvent::Type::kSet
2026-04-12 10:45:16.178: [INFO] RecordSyncInitDuration has_sync_been_enabled: 0 state: 3
2026-04-12 10:45:16.345: [INFO] RecordSyncInitDuration has_sync_been_enabled: 0 state: 3
2026-04-12 10:45:21.125: [INFO] VisibilityChanged: 1
2026-04-12 10:45:21.348: [INFO] BookmarkNodeAdded, ABU: 0
2026-04-12 10:45:21.348: [INFO] BookmarkNodeMoved
2026-04-12 10:45:21.348: [INFO] Remove, DeletionOrigin: 19
2026-04-12 10:45:21.349: [INFO] BookmarkNodeRemoved, Url: 0, IsFolder: 1, IsWorkspace: 0
2026-04-12 10:45:21.350: [INFO] BookmarkNodeAdded, ABU: 0
2026-04-12 10:45:21.350: [INFO] Remove, DeletionOrigin: 19
2026-04-12 10:45:21.350: [INFO] BookmarkNodeRemoved, Url: 1, IsFolder: 0, IsWorkspace: 0
2026-04-12 10:45:21.351: [INFO] BookmarkNodeAdded, ABU: 0
2026-04-12 10:45:21.352: [INFO] BookmarkNodeAdded, ABU: 0
2026-04-12 10:45:21.353: [INFO] BookmarkNodeAdded, ABU: 0
2026-04-12 10:45:21.354: [INFO] BookmarkNodeAdded, ABU: 0
2026-04-12 10:45:21.354: [INFO] BookmarkNodeMoved
2026-04-12 10:45:21.355: [INFO] BookmarkNodeAdded, ABU: 0
2026-04-12 10:45:21.355: [INFO] Remove, DeletionOrigin: 19
2026-04-12 10:45:21.356: [INFO] BookmarkNodeRemoved, Url: 1, IsFolder: 0, IsWorkspace: 0
2026-04-12 10:45:21.357: [INFO] BookmarkNodeAdded, ABU: 0
2026-04-12 10:45:21.359: [INFO] BookmarkNodeAdded, ABU: 0
2026-04-12 10:45:21.360: [INFO] BookmarkNodeAdded, ABU: 0
2026-04-12 10:45:21.362: [INFO] BookmarkNodeAdded, ABU: 0
2026-04-12 10:45:21.363: [INFO] BookmarkNodeAdded, ABU: 0
2026-04-12 10:45:21.365: [INFO] BookmarkNodeAdded, ABU: 0
2026-04-12 10:45:21.366: [INFO] BookmarkNodeAdded, ABU: 0
2026-04-12 10:45:21.368: [INFO] BookmarkNodeAdded, ABU: 0
2026-04-12 10:45:21.369: [INFO] BookmarkNodeAdded, ABU: 0
2026-04-12 10:45:21.371: [INFO] BookmarkNodeAdded, ABU: 0
2026-04-12 10:45:21.373: [INFO] BookmarkNodeAdded, ABU: 0
2026-04-12 10:45:21.374: [INFO] BookmarkNodeAdded, ABU: 0
2026-04-12 10:45:21.376: [INFO] BookmarkNodeAdded, ABU: 0
2026-04-12 10:45:21.377: [INFO] BookmarkNodeAdded, ABU: 0
2026-04-12 10:45:23.161: [INFO] Sync initialization duration: 5520ms
