{"logTime": "0412/104518", "correlationVector":"xKQEiR34WOcuKEyGgBOPm9.1","action":"SyncServerConnectionManagerRequest", "result":"SYNC_SERVER_OK", "context":{"environment":"Prod_southindia_prod-s01-004-apac-southindia", "migrationStage":"NotStarted", "server":"akswtt10300001r"}}
{"logTime": "0412/104518", "correlationVector":"xKQEiR34WOcuKEyGgBOPm9.2","action":"ProcessGetUpdates", "result":"Done", "context":{"dataType":"Encryption Keys", "deleted":"0", "process_failed_to_decrypt":"0", "process_pending_decryption":"0", "process_success":"2", "total":"2"}}
{"logTime": "0412/104519", "correlationVector":"rK/Q0yVwT5RqLT6uyVrd9r","action":"SyncServerConnectionManagerRequest", "result":"SYNC_SERVER_OK", "context":{"environment":"", "migrationStage":"", "server":""}}
{"logTime": "0412/104519", "correlationVector":"rK/Q0yVwT5RqLT6uyVrd9r.0","action":"EncryptionKeysFetcher.DownloadKeys:", "result":"Success", "context":Key count: 10, Last key timestamp: 2025-12-09T10:57:06Z}
{"logTime": "0412/104519", "correlationVector":"rK/Q0yVwT5RqLT6uyVrd9r.1","action":"EncryptionKeysManager::SetEncryptionKeys:", "result":"Success", "context":Key names[10]:[trm391FjW89eXHU1BGNb7LMGyezXnbvkwqbeRcz7i+Hb6q6cXXAWOgJjS6gsyJO7nZfWSAAqsOwJkdf/r8+f0Q==][jz4k9y54h9V7bQx8WsqcvUi/0Ja6zPRcCFq2lC6h8zx2Qen2asa3LRYDSdcU3858xBSqpth8Ugt+1OiROZY4ww==][Xnsjk2b96GuM5HCrPcpqfwVNiE1nCLbI3ASu+mCU32CB4XQfZgnam6lwZMJCdJaWp6r/jKJj4fnaYke/k99WyA==][mNZx1uqqYmZ7Q3gT3hz9+SUEGfM/syOl31JTtTIKVHAbrD8RuM9vJPkhxS6MNbirnZdRQ9WD0/KG/3k5r3gmNQ==][v+As9IetNts/B+IDlv9NTPLJ9eBLw4z3oWklkKkooOQ8bNeWY3SEE4SJ55+DqJFzvECZahvifThu3mq9+eFmGQ==][nNuPPFevBnQ8k6oZBcIthZKo1OaL0J72NUSzh6VjmRe2hGYMRWenzObza82qql/awiw8O9HHM4vEptyp5yRZFw==][0R8m6kQqf7+xP6uZITWpgDzncHaByTRbDNbk2nk/OCHjfGMHqjMPLJmvtXh6f3Qa3XIPwrm8J5Za1oU7b/TECQ==][H6d+XExX7RV81YFfofD6krtl+RCUoLWW14X+uwRbim4HehuKkjvjbJMGLcQncEku+gX20oH5R+d4IjvvnSnfsA==][wA9/S5KyEfhaMQwQfJ5bNqmPDz8cMrvYU/6QySeVfHgszlW8S9H9wk0Y3bB8RVzBU41uGaqjj7v4lLJJ5bTM2Q==][Jd4t8i91Ni/2ZxRTYOihf6Y3+QgNWvUoXk2SzYoGFORT8j7wMYc9NJ6q85/J4izohiy/TwipNg2qQRdivaxekw==]}
{"logTime": "0412/104519", "correlationVector":"rK/Q0yVwT5RqLT6uyVrd9r.2","action":"EncryptionKeysManager::SetEncryptionKeysWithTimestamps:", "result":"Success", "context":Key timestamps[10]:[2021-03-16T16:01:07Z][2021-10-07T06:22:31Z][2022-05-27T17:21:14Z][2022-12-08T08:19:18Z][2023-06-13T16:55:09Z][2023-12-12T05:47:49Z][2024-06-09T13:04:04Z][2024-12-06T18:51:12Z][2025-06-12T04:49:10Z][2025-12-09T10:57:06Z]}
{"logTime": "0412/104519", "correlationVector":"xKQEiR34WOcuKEyGgBOPm9","action":"Initial GetUpdates", "result":"", "context":Reason: NEW_CLIENT. cV=xKQEiR34WOcuKEyGgBOPm9}
{"logTime": "0412/104519", "correlationVector":"xKQEiR34WOcuKEyGgBOPm9.3","action":"GetUpdates Response", "result":"Success", "context":Received 2 update(s). cV=xKQEiR34WOcuKEyGgBOPm9.0;server=akswtt10300001r;cloudType=Consumer;environment=Prod_southindia_prod-s01-004-apac-southindia;migrationStage=NotStarted}
{"logTime": "0412/104519", "correlationVector":"FrerihWiMbuyTgxoQlUN0A","action":"Initial GetUpdates", "result":"", "context":Reason: NEWLY_SUPPORTED_DATATYPE. cV=FrerihWiMbuyTgxoQlUN0A}
{"logTime": "0412/104520", "correlationVector":"FrerihWiMbuyTgxoQlUN0A.1","action":"SyncServerConnectionManagerRequest", "result":"SYNC_SERVER_OK", "context":{"environment":"Prod_southindia_prod-s01-004-apac-southindia", "migrationStage":"NotStarted", "server":"akswtt10300000q"}}
{"logTime": "0412/104520", "correlationVector":"FrerihWiMbuyTgxoQlUN0A.2","action":"ProcessGetUpdates", "result":"Done", "context":{"dataType":"Preferences", "deleted":"1", "process_failed_to_decrypt":"0", "process_pending_decryption":"0", "process_success":"100", "total":"100"}}
{"logTime": "0412/104520", "correlationVector":"FrerihWiMbuyTgxoQlUN0A.3","action":"ProcessGetUpdates", "result":"Done", "context":{"dataType":"Passwords", "deleted":"5", "process_failed_to_decrypt":"0", "process_pending_decryption":"0", "process_success":"125", "total":"125"}}
{"logTime": "0412/104520", "correlationVector":"FrerihWiMbuyTgxoQlUN0A.4","action":"ProcessGetUpdates", "result":"Done", "context":{"dataType":"Device Info", "deleted":"0", "process_failed_to_decrypt":"0", "process_pending_decryption":"0", "process_success":"25", "total":"25"}}
{"logTime": "0412/104520", "correlationVector":"FrerihWiMbuyTgxoQlUN0A.5","action":"GetUpdates Response", "result":"Success", "context":Received 250 update(s). cV=FrerihWiMbuyTgxoQlUN0A.0;server=akswtt10300000q;cloudType=Consumer;environment=Prod_southindia_prod-s01-004-apac-southindia;migrationStage=NotStarted Some updates remain.}
{"logTime": "0412/104520", "correlationVector":"gQtxqhfSPQ+JcFJqJH7hCg","action":"Initial GetUpdates", "result":"", "context":Reason: NEWLY_SUPPORTED_DATATYPE. cV=gQtxqhfSPQ+JcFJqJH7hCg}
{"logTime": "0412/104521", "correlationVector":"gQtxqhfSPQ+JcFJqJH7hCg.1","action":"SyncServerConnectionManagerRequest", "result":"SYNC_SERVER_OK", "context":{"environment":"Prod_southindia_prod-s01-004-apac-southindia", "migrationStage":"NotStarted", "server":"akswtt103000003"}}
{"logTime": "0412/104521", "correlationVector":"gQtxqhfSPQ+JcFJqJH7hCg.2","action":"ProcessGetUpdates", "result":"Done", "context":{"dataType":"Preferences", "deleted":"0", "process_failed_to_decrypt":"0", "process_pending_decryption":"0", "process_success":"2", "total":"2"}}
{"logTime": "0412/104521", "correlationVector":"gQtxqhfSPQ+JcFJqJH7hCg.3","action":"ProcessGetUpdates", "result":"Done", "context":{"dataType":"Passwords", "deleted":"0", "process_failed_to_decrypt":"0", "process_pending_decryption":"0", "process_success":"75", "total":"75"}}
{"logTime": "0412/104521", "correlationVector":"gQtxqhfSPQ+JcFJqJH7hCg.4","action":"GetUpdates Response", "result":"Success", "context":Received 77 update(s). cV=gQtxqhfSPQ+JcFJqJH7hCg.0;server=akswtt103000003;cloudType=Consumer;environment=Prod_southindia_prod-s01-004-apac-southindia;migrationStage=NotStarted}
{"logTime": "0412/104521", "correlationVector":"Xq3eCKFwAlQc8SxO7Jx9qX","action":"Initial GetUpdates", "result":"", "context":Reason: NEWLY_SUPPORTED_DATATYPE. cV=Xq3eCKFwAlQc8SxO7Jx9qX}
{"logTime": "0412/104521", "correlationVector":"Xq3eCKFwAlQc8SxO7Jx9qX.1","action":"SyncServerConnectionManagerRequest", "result":"SYNC_SERVER_OK", "context":{"environment":"Prod_southindia_prod-s01-004-apac-southindia", "migrationStage":"NotStarted", "server":"akswtt10300001d"}}
{"logTime": "0412/104521", "correlationVector":"Xq3eCKFwAlQc8SxO7Jx9qX.2","action":"ProcessGetUpdates", "result":"Done", "context":{"dataType":"Bookmarks", "deleted":"0", "process_failed_to_decrypt":"0", "process_pending_decryption":"0", "process_success":"26", "total":"26"}}
{"logTime": "0412/104521", "correlationVector":"Xq3eCKFwAlQc8SxO7Jx9qX.3","action":"GetUpdates Response", "result":"Success", "context":Received 26 update(s). cV=Xq3eCKFwAlQc8SxO7Jx9qX.0;server=akswtt10300001d;cloudType=Consumer;environment=Prod_southindia_prod-s01-004-apac-southindia;migrationStage=NotStarted}
{"logTime": "0412/104521", "correlationVector":"GfnsKBybH2iRP2obaeTDvR","action":"Initial GetUpdates", "result":"", "context":Reason: PROGRAMMATIC. cV=GfnsKBybH2iRP2obaeTDvR}
{"logTime": "0412/104522", "correlationVector":"GfnsKBybH2iRP2obaeTDvR.1","action":"SyncServerConnectionManagerRequest", "result":"SYNC_SERVER_OK", "context":{"environment":"Prod_southindia_prod-s01-004-apac-southindia", "migrationStage":"NotStarted", "server":"akswtt103000003"}}
{"logTime": "0412/104522", "correlationVector":"GfnsKBybH2iRP2obaeTDvR.2","action":"ProcessGetUpdates", "result":"Done", "context":{"dataType":"Autofill", "deleted":"0", "process_failed_to_decrypt":"0", "process_pending_decryption":"0", "process_success":"124", "total":"124"}}
{"logTime": "0412/104522", "correlationVector":"GfnsKBybH2iRP2obaeTDvR.3","action":"ProcessGetUpdates", "result":"Done", "context":{"dataType":"Extensions", "deleted":"0", "process_failed_to_decrypt":"0", "process_pending_decryption":"0", "process_success":"3", "total":"3"}}
{"logTime": "0412/104522", "correlationVector":"GfnsKBybH2iRP2obaeTDvR.4","action":"ProcessGetUpdates", "result":"Done", "context":{"dataType":"Sessions", "deleted":"110", "process_failed_to_decrypt":"0", "process_pending_decryption":"0", "process_success":"110", "total":"110"}}
{"logTime": "0412/104522", "correlationVector":"GfnsKBybH2iRP2obaeTDvR.5","action":"ProcessGetUpdates", "result":"Done", "context":{"dataType":"Collection", "deleted":"0", "process_failed_to_decrypt":"0", "process_pending_decryption":"0", "process_success":"7", "total":"7"}}
{"logTime": "0412/104522", "correlationVector":"GfnsKBybH2iRP2obaeTDvR.6","action":"ProcessGetUpdates", "result":"Done", "context":{"dataType":"Edge Hub App Usage", "deleted":"1", "process_failed_to_decrypt":"0", "process_pending_decryption":"0", "process_success":"6", "total":"6"}}
{"logTime": "0412/104522", "correlationVector":"GfnsKBybH2iRP2obaeTDvR.7","action":"GetUpdates Response", "result":"Success", "context":Received 250 update(s). cV=GfnsKBybH2iRP2obaeTDvR.0;server=akswtt103000003;cloudType=Consumer;environment=Prod_southindia_prod-s01-004-apac-southindia;migrationStage=NotStarted Some updates remain.}
{"logTime": "0412/104522", "correlationVector":"V7vrDFZIpVTjolD50NQZkr","action":"Initial GetUpdates", "result":"", "context":Reason: PROGRAMMATIC. cV=V7vrDFZIpVTjolD50NQZkr}
{"logTime": "0412/104523", "correlationVector":"V7vrDFZIpVTjolD50NQZkr.1","action":"SyncServerConnectionManagerRequest", "result":"SYNC_SERVER_OK", "context":{"environment":"Prod_southindia_prod-s01-004-apac-southindia", "migrationStage":"NotStarted", "server":"akswtt10300001d"}}
{"logTime": "0412/104523", "correlationVector":"V7vrDFZIpVTjolD50NQZkr.2","action":"ProcessGetUpdates", "result":"Done", "context":{"dataType":"Autofill Profiles", "deleted":"0", "process_failed_to_decrypt":"0", "process_pending_decryption":"0", "process_success":"20", "total":"20"}}
{"logTime": "0412/104523", "correlationVector":"V7vrDFZIpVTjolD50NQZkr.3","action":"ProcessGetUpdates", "result":"Done", "context":{"dataType":"Autofill", "deleted":"0", "process_failed_to_decrypt":"0", "process_pending_decryption":"0", "process_success":"82", "total":"82"}}
{"logTime": "0412/104523", "correlationVector":"V7vrDFZIpVTjolD50NQZkr.4","action":"ProcessGetUpdates", "result":"Done", "context":{"dataType":"Extensions", "deleted":"0", "process_failed_to_decrypt":"0", "process_pending_decryption":"0", "process_success":"1", "total":"1"}}
{"logTime": "0412/104523", "correlationVector":"V7vrDFZIpVTjolD50NQZkr.5","action":"ProcessGetUpdates", "result":"Done", "context":{"dataType":"Sessions", "deleted":"87", "process_failed_to_decrypt":"0", "process_pending_decryption":"0", "process_success":"122", "total":"122"}}
{"logTime": "0412/104523", "correlationVector":"V7vrDFZIpVTjolD50NQZkr.6","action":"ProcessGetUpdates", "result":"Done", "context":{"dataType":"Edge Hub App Usage", "deleted":"3", "process_failed_to_decrypt":"0", "process_pending_decryption":"0", "process_success":"15", "total":"15"}}
{"logTime": "0412/104523", "correlationVector":"V7vrDFZIpVTjolD50NQZkr.7","action":"GetUpdates Response", "result":"Success", "context":Received 240 update(s). cV=V7vrDFZIpVTjolD50NQZkr.0;server=akswtt10300001d;cloudType=Consumer;environment=Prod_southindia_prod-s01-004-apac-southindia;migrationStage=NotStarted}
{"logTime": "0412/104523", "correlationVector":"aS49W15eLwSCurPvy11Bno","action":"Initial GetUpdates", "result":"", "context":Reason: PROGRAMMATIC. cV=aS49W15eLwSCurPvy11Bno}
{"logTime": "0412/104524", "correlationVector":"aS49W15eLwSCurPvy11Bno.1","action":"SyncServerConnectionManagerRequest", "result":"SYNC_SERVER_OK", "context":{"environment":"Prod_southindia_prod-s01-004-apac-southindia", "migrationStage":"NotStarted", "server":"akswtt103000003"}}
{"logTime": "0412/104524", "correlationVector":"aS49W15eLwSCurPvy11Bno.2","action":"ProcessGetUpdates", "result":"Done", "context":{"dataType":"History", "deleted":"0", "process_failed_to_decrypt":"0", "process_pending_decryption":"0", "process_success":"250", "total":"250"}}
{"logTime": "0412/104524", "correlationVector":"aS49W15eLwSCurPvy11Bno.3","action":"GetUpdates Response", "result":"Success", "context":Received 250 update(s). cV=aS49W15eLwSCurPvy11Bno.0;server=akswtt103000003;cloudType=Consumer;environment=Prod_southindia_prod-s01-004-apac-southindia;migrationStage=NotStarted Some updates remain.}
{"logTime": "0412/104524", "correlationVector":"RKQmp4a6qp/XDwPeWl8dVh","action":"Initial GetUpdates", "result":"", "context":Reason: PROGRAMMATIC. cV=RKQmp4a6qp/XDwPeWl8dVh}
{"logTime": "0412/104524", "correlationVector":"RKQmp4a6qp/XDwPeWl8dVh.1","action":"SyncServerConnectionManagerRequest", "result":"SYNC_SERVER_OK", "context":{"environment":"Prod_southindia_prod-s01-004-apac-southindia", "migrationStage":"NotStarted", "server":"akswtt103000005"}}
{"logTime": "0412/104524", "correlationVector":"RKQmp4a6qp/XDwPeWl8dVh.2","action":"ProcessGetUpdates", "result":"Done", "context":{"dataType":"History", "deleted":"0", "process_failed_to_decrypt":"0", "process_pending_decryption":"0", "process_success":"250", "total":"250"}}
{"logTime": "0412/104524", "correlationVector":"RKQmp4a6qp/XDwPeWl8dVh.3","action":"GetUpdates Response", "result":"Success", "context":Received 250 update(s). cV=RKQmp4a6qp/XDwPeWl8dVh.0;server=akswtt103000005;cloudType=Consumer;environment=Prod_southindia_prod-s01-004-apac-southindia;migrationStage=NotStarted Some updates remain.}
{"logTime": "0412/104524", "correlationVector":"+nAOsPo2E8hzwLOLK0EB9F","action":"Initial GetUpdates", "result":"", "context":Reason: PROGRAMMATIC. cV=+nAOsPo2E8hzwLOLK0EB9F}
{"logTime": "0412/104525", "correlationVector":"+nAOsPo2E8hzwLOLK0EB9F.1","action":"SyncServerConnectionManagerRequest", "result":"SYNC_SERVER_OK", "context":{"environment":"Prod_southindia_prod-s01-004-apac-southindia", "migrationStage":"NotStarted", "server":"akswtt10300001d"}}
{"logTime": "0412/104525", "correlationVector":"+nAOsPo2E8hzwLOLK0EB9F.2","action":"ProcessGetUpdates", "result":"Done", "context":{"dataType":"History", "deleted":"0", "process_failed_to_decrypt":"0", "process_pending_decryption":"0", "process_success":"250", "total":"250"}}
{"logTime": "0412/104525", "correlationVector":"+nAOsPo2E8hzwLOLK0EB9F.3","action":"GetUpdates Response", "result":"Success", "context":Received 250 update(s). cV=+nAOsPo2E8hzwLOLK0EB9F.0;server=akswtt10300001d;cloudType=Consumer;environment=Prod_southindia_prod-s01-004-apac-southindia;migrationStage=NotStarted Some updates remain.}
{"logTime": "0412/104525", "correlationVector":"2q/Idc6/vQQHBSGxUp/kHG","action":"Initial GetUpdates", "result":"", "context":Reason: PROGRAMMATIC. cV=2q/Idc6/vQQHBSGxUp/kHG}
{"logTime": "0412/104526", "correlationVector":"2q/Idc6/vQQHBSGxUp/kHG.1","action":"SyncServerConnectionManagerRequest", "result":"SYNC_SERVER_OK", "context":{"environment":"Prod_southindia_prod-s01-004-apac-southindia", "migrationStage":"NotStarted", "server":"akswtt10300001r"}}
{"logTime": "0412/104526", "correlationVector":"2q/Idc6/vQQHBSGxUp/kHG.2","action":"ProcessGetUpdates", "result":"Done", "context":{"dataType":"History", "deleted":"0", "process_failed_to_decrypt":"0", "process_pending_decryption":"0", "process_success":"84", "total":"84"}}
{"logTime": "0412/104526", "correlationVector":"2q/Idc6/vQQHBSGxUp/kHG.3","action":"GetUpdates Response", "result":"Success", "context":Received 84 update(s). cV=2q/Idc6/vQQHBSGxUp/kHG.0;server=akswtt10300001r;cloudType=Consumer;environment=Prod_southindia_prod-s01-004-apac-southindia;migrationStage=NotStarted}
{"logTime": "0412/104526", "correlationVector":"3uO2Ze6ck99Ik9l+o0c/Ft","action":"Normal GetUpdate request", "result":"", "context":cV=3uO2Ze6ck99Ik9l+o0c/Ft
Nudged types: Sessions, Device Info, User Consents
Refresh requested types: Bookmarks, Preferences, Passwords, Autofill Profiles, Autofill, Extensions, Sessions, Extension settings, History Delete Directives, Device Info, User Consents, Send Tab To Self, Web Apps, History, Saved Tab Group, WebAuthn Credentials, Collection, Edge E Drop, Edge Hub App Usage, Edge Wallet, Edge Workspace, Encryption Keys}
{"logTime": "0412/104526", "correlationVector":"3uO2Ze6ck99Ik9l+o0c/Ft.1","action":"SyncServerConnectionManagerRequest", "result":"SYNC_SERVER_OK", "context":{"environment":"Prod_southindia_prod-s01-004-apac-southindia", "migrationStage":"NotStarted", "server":"akswtt103000015"}}
{"logTime": "0412/104526", "correlationVector":"3uO2Ze6ck99Ik9l+o0c/Ft.2","action":"GetUpdates Response", "result":"Success", "context":Received 0 update(s). cV=3uO2Ze6ck99Ik9l+o0c/Ft.0;server=akswtt103000015;cloudType=Consumer;environment=Prod_southindia_prod-s01-004-apac-southindia;migrationStage=NotStarted}
{"logTime": "0412/104526", "correlationVector":"Q9o/o3aEjqFU9y5X4TZ+OO","action":"DoCompareDataConsistency requsted types: ", "result":"Preferences, Passwords, Extensions, Extension settings, History Delete Directives, Send Tab To Self, Web Apps, History, Saved Tab Group, WebAuthn Credentials, Collection, Edge E Drop, Edge Wallet, Edge Workspace, Encryption Keys"}
{"logTime": "0412/104526", "correlationVector":"Q9o/o3aEjqFU9y5X4TZ+OO.0","action":"CompareDataConsistency result: ", "result":"Compare result: Encryption Keys is inconsistent. server entities count is: 2 server entities hash is: SrgljyPxRDkVV3T5V+Acd82NwAQ= local entities count is: 1 local entities hash is: AxK6xQj9SnR4hJFqie9gKG6mSL4="}
{"logTime": "0412/104526", "correlationVector":"Q9o/o3aEjqFU9y5X4TZ+OO.1","action":"CompareDataConsistency result: ", "result":"Compare result: Preferences is consistent. local entities count is: 101 local entities hash is: ir8cn5rawvcCWZ7GgdBzUNDNS/g="}
{"logTime": "0412/104526", "correlationVector":"Q9o/o3aEjqFU9y5X4TZ+OO.2","action":"CompareDataConsistency result: ", "result":"Compare result: Extensions is consistent. local entities count is: 4 local entities hash is: pczmf9IAV7bdOEMfMzJ2UTsh1p8="}
{"logTime": "0412/104526", "correlationVector":"Q9o/o3aEjqFU9y5X4TZ+OO.3","action":"CompareDataConsistency result: ", "result":"Compare result: Extension settings is consistent. local entities count is: 0 local entities hash is: "}
{"logTime": "0412/104526", "correlationVector":"Q9o/o3aEjqFU9y5X4TZ+OO.4","action":"CompareDataConsistency result: ", "result":"Compare result: History Delete Directives is consistent. local entities count is: 0 local entities hash is: "}
{"logTime": "0412/104526", "correlationVector":"Q9o/o3aEjqFU9y5X4TZ+OO.5","action":"CompareDataConsistency result: ", "result":"Server did not send this Send Tab To Self local entities count is: 0 local entities hash is: "}
{"logTime": "0412/104526", "correlationVector":"Q9o/o3aEjqFU9y5X4TZ+OO.6","action":"CompareDataConsistency result: ", "result":"Compare result: Web Apps is consistent. local entities count is: 0 local entities hash is: "}
{"logTime": "0412/104526", "correlationVector":"Q9o/o3aEjqFU9y5X4TZ+OO.7","action":"CompareDataConsistency result: ", "result":"Server did not send this History local entities count is: 0 local entities hash is: "}
{"logTime": "0412/104526", "correlationVector":"Q9o/o3aEjqFU9y5X4TZ+OO.8","action":"CompareDataConsistency result: ", "result":"Compare result: Saved Tab Group is consistent. local entities count is: 0 local entities hash is: "}
{"logTime": "0412/104526", "correlationVector":"Q9o/o3aEjqFU9y5X4TZ+OO.9","action":"CompareDataConsistency result: ", "result":"Server did not send this WebAuthn Credentials local entities count is: 0 local entities hash is: "}
{"logTime": "0412/104526", "correlationVector":"Q9o/o3aEjqFU9y5X4TZ+OO.10","action":"CompareDataConsistency result: ", "result":"Compare result: Collection is consistent. local entities count is: 7 local entities hash is: 6G1jyPVIuQtxFmam8CMWbpFFUj4="}
{"logTime": "0412/104526", "correlationVector":"Q9o/o3aEjqFU9y5X4TZ+OO.11","action":"CompareDataConsistency result: ", "result":"Compare result: Edge E Drop is consistent. local entities count is: 0 local entities hash is: "}
{"logTime": "0412/104526", "correlationVector":"Q9o/o3aEjqFU9y5X4TZ+OO.12","action":"CompareDataConsistency result: ", "result":"Compare result: Edge Wallet is consistent. local entities count is: 0 local entities hash is: "}
{"logTime": "0412/104526", "correlationVector":"Q9o/o3aEjqFU9y5X4TZ+OO.13","action":"CompareDataConsistency result: ", "result":"Server did not send this Edge Workspace local entities count is: 0 local entities hash is: "}
{"logTime": "0412/104526", "correlationVector":"Q9o/o3aEjqFU9y5X4TZ+OO.14","action":"CompareDataConsistency result: ", "result":"Compare result: Passwords is consistent. local entities count is: 195 local entities hash is: o7Ahnf8JB9CS/h0RbcBBPgrZe30="}
{"logTime": "0412/104526", "correlationVector":"L7gQ0xs16Ot3vibOR2NItA","action":"Commit Request", "result":"", "context":Item count: 5
Contributing types: Sessions, Device Info, User Consents}
{"logTime": "0412/104527", "correlationVector":"L7gQ0xs16Ot3vibOR2NItA.1","action":"SyncServerConnectionManagerRequest", "result":"SYNC_SERVER_OK", "context":{"environment":"Prod_southindia_prod-s01-004-apac-southindia", "migrationStage":"NotStarted", "server":"akswtt10300001r"}}
{"logTime": "0412/104527", "correlationVector":"L7gQ0xs16Ot3vibOR2NItA.2","action":"Commit Response", "result":"Success", "context":Result: Success. cV=L7gQ0xs16Ot3vibOR2NItA.0;server=akswtt10300001r;cloudType=Consumer;environment=Prod_southindia_prod-s01-004-apac-southindia;migrationStage=NotStarted}
{"logTime": "0412/104527", "correlationVector":"","action":"DIAGNOSTIC_REQUEST|v1/diagnosticData/Diagnostic.SendCheckResult()|SUCCESS", "result":""}
{"logTime": "0412/104535", "correlationVector":"0XN362IM2ZpDX72Ars1tNB","action":"Commit Request", "result":"", "context":Item count: 4
Contributing types: Sessions, History, Edge Hub App Usage}
{"logTime": "0412/104536", "correlationVector":"0XN362IM2ZpDX72Ars1tNB.1","action":"SyncServerConnectionManagerRequest", "result":"SYNC_SERVER_OK", "context":{"environment":"Prod_southindia_prod-s01-004-apac-southindia", "migrationStage":"NotStarted", "server":"akswtt10300001i"}}
{"logTime": "0412/104536", "correlationVector":"0XN362IM2ZpDX72Ars1tNB.2","action":"Commit Response", "result":"Success", "context":Result: Success. cV=0XN362IM2ZpDX72Ars1tNB.0;server=akswtt10300001i;cloudType=Consumer;environment=Prod_southindia_prod-s01-004-apac-southindia;migrationStage=NotStarted}
{"logTime": "0412/104547", "correlationVector":"01yHuGs6U1+e5yqqcmQQUo","action":"Commit Request", "result":"", "context":Item count: 40
Contributing types: Passwords}
{"logTime": "0412/104549", "correlationVector":"01yHuGs6U1+e5yqqcmQQUo.1","action":"SyncServerConnectionManagerRequest", "result":"SYNC_SERVER_OK", "context":{"environment":"Prod_southindia_prod-s01-004-apac-southindia", "migrationStage":"NotStarted", "server":"akswtt10300001d"}}
{"logTime": "0412/104549", "correlationVector":"01yHuGs6U1+e5yqqcmQQUo.2","action":"Commit Response", "result":"Success", "context":Result: Success. cV=01yHuGs6U1+e5yqqcmQQUo.0;server=akswtt10300001d;cloudType=Consumer;environment=Prod_southindia_prod-s01-004-apac-southindia;migrationStage=NotStarted}
{"logTime": "0412/104549", "correlationVector":"Qt3BDX9Z8X+WCHF3EiE3gR","action":"Commit Request", "result":"", "context":Item count: 40
Contributing types: Passwords}
{"logTime": "0412/104550", "correlationVector":"Qt3BDX9Z8X+WCHF3EiE3gR.1","action":"SyncServerConnectionManagerRequest", "result":"SYNC_SERVER_OK", "context":{"environment":"Prod_southindia_prod-s01-004-apac-southindia", "migrationStage":"NotStarted", "server":"akswtt10300000h"}}
{"logTime": "0412/104550", "correlationVector":"Qt3BDX9Z8X+WCHF3EiE3gR.2","action":"Commit Response", "result":"Success", "context":Result: Success. cV=Qt3BDX9Z8X+WCHF3EiE3gR.0;server=akswtt10300000h;cloudType=Consumer;environment=Prod_southindia_prod-s01-004-apac-southindia;migrationStage=NotStarted}
{"logTime": "0412/104550", "correlationVector":"X/e9remg/KI/p+UUGDpGTR","action":"Commit Request", "result":"", "context":Item count: 40
Contributing types: Preferences, Passwords, Sessions, History}
{"logTime": "0412/104552", "correlationVector":"X/e9remg/KI/p+UUGDpGTR.1","action":"SyncServerConnectionManagerRequest", "result":"SYNC_SERVER_OK", "context":{"environment":"Prod_southindia_prod-s01-004-apac-southindia", "migrationStage":"NotStarted", "server":"akswtt10300001l"}}
{"logTime": "0412/104552", "correlationVector":"X/e9remg/KI/p+UUGDpGTR.2","action":"Commit Response", "result":"Success", "context":Result: Success. cV=X/e9remg/KI/p+UUGDpGTR.0;server=akswtt10300001l;cloudType=Consumer;environment=Prod_southindia_prod-s01-004-apac-southindia;migrationStage=NotStarted}
{"logTime": "0412/104552", "correlationVector":"/eS0jDCR2s4cDp1qFPpchR","action":"Commit Request", "result":"", "context":Item count: 3
Contributing types: History}
{"logTime": "0412/104553", "correlationVector":"/eS0jDCR2s4cDp1qFPpchR.1","action":"SyncServerConnectionManagerRequest", "result":"SYNC_SERVER_OK", "context":{"environment":"Prod_southindia_prod-s01-004-apac-southindia", "migrationStage":"NotStarted", "server":"akswtt10300001n"}}
{"logTime": "0412/104553", "correlationVector":"/eS0jDCR2s4cDp1qFPpchR.2","action":"Commit Response", "result":"Success", "context":Result: Success. cV=/eS0jDCR2s4cDp1qFPpchR.0;server=akswtt10300001n;cloudType=Consumer;environment=Prod_southindia_prod-s01-004-apac-southindia;migrationStage=NotStarted}
{"logTime": "0412/104609", "correlationVector":"OENoVdRknqtBJl00sI5R1X","action":"Commit Request", "result":"", "context":Item count: 40
Contributing types: Passwords}
{"logTime": "0412/104611", "correlationVector":"OENoVdRknqtBJl00sI5R1X.1","action":"SyncServerConnectionManagerRequest", "result":"SYNC_SERVER_OK", "context":{"environment":"Prod_southindia_prod-s01-004-apac-southindia", "migrationStage":"NotStarted", "server":"akswtt10300001r"}}
{"logTime": "0412/104611", "correlationVector":"OENoVdRknqtBJl00sI5R1X.2","action":"Commit Response", "result":"Success", "context":Result: Success. cV=OENoVdRknqtBJl00sI5R1X.0;server=akswtt10300001r;cloudType=Consumer;environment=Prod_southindia_prod-s01-004-apac-southindia;migrationStage=NotStarted}
{"logTime": "0412/104611", "correlationVector":"ZjxlqKhZIYR+4GSJ7i7VR7","action":"Commit Request", "result":"", "context":Item count: 40
Contributing types: Passwords}
{"logTime": "0412/104612", "correlationVector":"ZjxlqKhZIYR+4GSJ7i7VR7.1","action":"SyncServerConnectionManagerRequest", "result":"SYNC_SERVER_OK", "context":{"environment":"Prod_southindia_prod-s01-004-apac-southindia", "migrationStage":"NotStarted", "server":"akswtt10300001n"}}
{"logTime": "0412/104612", "correlationVector":"ZjxlqKhZIYR+4GSJ7i7VR7.2","action":"Commit Response", "result":"Success", "context":Result: Success. cV=ZjxlqKhZIYR+4GSJ7i7VR7.0;server=akswtt10300001n;cloudType=Consumer;environment=Prod_southindia_prod-s01-004-apac-southindia;migrationStage=NotStarted}
{"logTime": "0412/104612", "correlationVector":"HrH7IcP33UHeKM3UBt06ef","action":"Commit Request", "result":"", "context":Item count: 39
Contributing types: Passwords, History}
{"logTime": "0412/104614", "correlationVector":"HrH7IcP33UHeKM3UBt06ef.1","action":"SyncServerConnectionManagerRequest", "result":"SYNC_SERVER_OK", "context":{"environment":"Prod_southindia_prod-s01-004-apac-southindia", "migrationStage":"NotStarted", "server":"akswtt10300000s"}}
{"logTime": "0412/104614", "correlationVector":"HrH7IcP33UHeKM3UBt06ef.2","action":"Commit Response", "result":"Success", "context":Result: Success. cV=HrH7IcP33UHeKM3UBt06ef.0;server=akswtt10300000s;cloudType=Consumer;environment=Prod_southindia_prod-s01-004-apac-southindia;migrationStage=NotStarted}
