2026-04-11 15:47:16.640: [INFO][Sync] Reset engine, reason: 8
2026-04-11 15:47:16.641: [INFO][Sync] Stopped: Bookmarks
2026-04-11 15:47:16.641: [INFO][Sync] Stopped: Preferences
2026-04-11 15:47:16.641: [INFO][Sync] Stopped: Passwords
2026-04-11 15:47:16.641: [INFO][Sync] Stopped: Autofill Profiles
2026-04-11 15:47:16.641: [INFO][Sync] Stopped: Autofill
2026-04-11 15:47:16.641: [INFO][Sync] Stopped: Extensions
2026-04-11 15:47:16.641: [INFO][Sync] Stopped: Sessions
2026-04-11 15:47:16.641: [INFO][Sync] Stopped: Extension settings
2026-04-11 15:47:16.641: [INFO][Sync] Stopped: History Delete Directives
2026-04-11 15:47:16.641: [INFO][Sync] Stopped: Device Info
2026-04-11 15:47:16.641: [INFO][Sync] Stopped: User Consents
2026-04-11 15:47:16.641: [INFO][Sync] Stopped: Send Tab To Self
2026-04-11 15:47:16.641: [INFO][Sync] Stopped: Web Apps
2026-04-11 15:47:16.641: [INFO][Sync] Stopped: History
2026-04-11 15:47:16.641: [INFO][Sync] Stopped: Saved Tab Group
2026-04-11 15:47:16.641: [INFO][Sync] Stopped: WebAuthn Credentials
2026-04-11 15:47:16.641: [INFO][Sync] Stopped: Collection
2026-04-11 15:47:16.641: [INFO][Sync] Stopped: Edge E Drop
2026-04-11 15:47:16.641: [INFO][Sync] Stopped: Edge Hub App Usage
2026-04-11 15:47:16.641: [INFO][Sync] Stopped: Edge Wallet
2026-04-11 15:47:16.641: [INFO][Sync] Stopped: Edge Workspace
2026-04-11 15:47:16.641: [INFO][Sync] SyncState after authenticated was: NotSignedIn
2026-04-11 15:47:17.131: [INFO][Sync] Reset engine, reason: 8
2026-04-11 15:47:17.131: [INFO][Sync] Stopped: Bookmarks
2026-04-11 15:47:17.131: [INFO][Sync] Stopped: Preferences
2026-04-11 15:47:17.131: [INFO][Sync] Stopped: Passwords
2026-04-11 15:47:17.131: [INFO][Sync] Stopped: Autofill Profiles
2026-04-11 15:47:17.131: [INFO][Sync] Stopped: Autofill
2026-04-11 15:47:17.131: [INFO][Sync] Stopped: Extensions
2026-04-11 15:47:17.131: [INFO][Sync] Stopped: Sessions
2026-04-11 15:47:17.131: [INFO][Sync] Stopped: Extension settings
2026-04-11 15:47:17.131: [INFO][Sync] Stopped: History Delete Directives
2026-04-11 15:47:17.131: [INFO][Sync] Stopped: Device Info
2026-04-11 15:47:17.131: [INFO][Sync] Stopped: User Consents
2026-04-11 15:47:17.131: [INFO][Sync] Stopped: Send Tab To Self
2026-04-11 15:47:17.131: [INFO][Sync] Stopped: Web Apps
2026-04-11 15:47:17.131: [INFO][Sync] Stopped: History
2026-04-11 15:47:17.131: [INFO][Sync] Stopped: Saved Tab Group
2026-04-11 15:47:17.131: [INFO][Sync] Stopped: WebAuthn Credentials
2026-04-11 15:47:17.131: [INFO][Sync] Stopped: Collection
2026-04-11 15:47:17.131: [INFO][Sync] Stopped: Edge E Drop
2026-04-11 15:47:17.131: [INFO][Sync] Stopped: Edge Hub App Usage
2026-04-11 15:47:17.131: [INFO][Sync] Stopped: Edge Wallet
2026-04-11 15:47:17.131: [INFO][Sync] Stopped: Edge Workspace
2026-04-11 15:47:46.258: [INFO][Sync] Try to start sync engine
2026-04-11 15:47:46.304: [INFO][SyncManagerImpl::NudgeForInitialDownload] Initial download nudge for Encryption Keys
2026-04-11 15:47:46.304: [INFO][SyncEngineBackend::LoadAndConnectNigoriController] Load and connect Nigori controller
2026-04-11 15:47:46.304: [INFO][SyncEngineBackend::DoInitialize] Control Types added: Encryption Keys
2026-04-11 15:47:46.304: [INFO][SyncManagerImpl::ConfigureSyncer] Types to download: Encryption Keys with reason: 3
2026-04-11 15:47:46.305: [INFO][SyncSchedulerImpl::DoConfigurationSyncCycleJob] Configure job was blocked
2026-04-11 15:47:46.409: [INFO][SyncAuthManager::SetLastAuthError] Current auth error: None
2026-04-11 15:47:46.409: [INFO][SyncAuthManager::EdgeLogTokenErrorState] Token error with: None for account type: MSA
2026-04-11 15:47:46.409: [INFO][Sync] Credentials changed for: EdgeSyncScopeNew
2026-04-11 15:48:16.311: [INFO][SyncAuthManager::EdgeLogTokenErrorState] Token error with: Edge auth error: Exceeded max duration. for account type: MSA
2026-04-11 15:48:16.311: [INFO][Sync] Credentials changed for: EdgeSyncKeyDataScope
2026-04-11 15:48:16.331: [INFO][SyncEngineBackend::DoUpdateCredentials] Update credentials
2026-04-11 15:48:16.350: [INFO][SyncSchedulerImpl::DoConfigurationSyncCycleJob] Blocked types:  and types to download: Encryption Keys
2026-04-11 15:48:17.479: [INFO][Sync] Started DataTypeManager configuration, reason: 4
2026-04-11 15:48:17.479: [INFO][Sync] Configuring for: Bookmarks, Preferences, Passwords, Autofill Profiles, Autofill, Extensions, Sessions, Extension settings, History Delete Directives, Device Info, User Consents, Send Tab To Self, Web Apps, History, Saved Tab Group, WebAuthn Credentials, Collection, Edge E Drop, Edge Hub App Usage, Edge Wallet, Edge Workspace, Encryption Keys, reason: 3, current state: 0
2026-04-11 15:48:17.479: [WARN][Sync] Crypto error data types: Passwords, Autofill Profiles, Autofill
2026-04-11 15:48:17.479: [INFO][SyncEngineBackend::DoStartConfiguration] Start configuration
2026-04-11 15:48:17.482: [INFO][Sync] Configure, desired: Bookmarks, Preferences, Extensions, Sessions, Extension settings, History Delete Directives, Device Info, User Consents, Send Tab To Self, Web Apps, History, Saved Tab Group, WebAuthn Credentials, Collection, Edge E Drop, Edge Hub App Usage, Edge Wallet, Edge Workspace, Encryption Keys; Allow fail: Passwords, Autofill Profiles, Autofill
2026-04-11 15:48:17.482: [INFO][Sync] Loading: Bookmarks
2026-04-11 15:48:17.482: [INFO][Sync] Loading: Preferences
2026-04-11 15:48:17.482: [INFO][Sync] Loading: Extensions
2026-04-11 15:48:17.482: [INFO][Sync] Loading: Sessions
2026-04-11 15:48:17.482: [INFO][Sync] Loading: Extension settings
2026-04-11 15:48:17.482: [INFO][Sync] Loading: History Delete Directives
2026-04-11 15:48:17.482: [INFO][Sync] Loading: Device Info
2026-04-11 15:48:17.483: [INFO][Sync] Loading: User Consents
2026-04-11 15:48:17.483: [INFO][Sync] Loading: Send Tab To Self
2026-04-11 15:48:17.483: [INFO][Sync] Loading: Web Apps
2026-04-11 15:48:17.483: [INFO][Sync] Loading: History
2026-04-11 15:48:17.483: [INFO][Sync] Loading: Saved Tab Group
2026-04-11 15:48:17.483: [INFO][Sync] Loading: WebAuthn Credentials
2026-04-11 15:48:17.483: [INFO][Sync] Loading: Collection
2026-04-11 15:48:17.483: [INFO][Sync] Loading: Edge E Drop
2026-04-11 15:48:17.483: [INFO][Sync] Loading: Edge Hub App Usage
2026-04-11 15:48:17.483: [INFO][Sync] Loading: Edge Wallet
2026-04-11 15:48:17.483: [INFO][Sync] Loading: Edge Workspace
2026-04-11 15:48:17.492: [INFO][Sync] All data types are ready for configure.
2026-04-11 15:48:17.492: [INFO][SyncManagerImpl::NudgeForInitialDownload] Initial download nudge for Bookmarks
2026-04-11 15:48:17.492: [INFO][SyncManagerImpl::NudgeForInitialDownload] Initial download nudge for Preferences
2026-04-11 15:48:17.492: [INFO][SyncManagerImpl::NudgeForInitialDownload] Initial download nudge for Extensions
2026-04-11 15:48:17.492: [INFO][SyncManagerImpl::NudgeForInitialDownload] Initial download nudge for Sessions
2026-04-11 15:48:17.492: [INFO][SyncManagerImpl::NudgeForInitialDownload] Initial download nudge for Extension settings
2026-04-11 15:48:17.492: [INFO][SyncManagerImpl::NudgeForInitialDownload] Initial download nudge for History Delete Directives
2026-04-11 15:48:17.492: [INFO][SyncManagerImpl::NudgeForInitialDownload] Initial download nudge for Device Info
2026-04-11 15:48:17.492: [INFO][SyncManagerImpl::NudgeForInitialDownload] Initial download nudge for Send Tab To Self
2026-04-11 15:48:17.492: [INFO][SyncManagerImpl::NudgeForInitialDownload] Initial download nudge for Web Apps
2026-04-11 15:48:17.492: [INFO][SyncManagerImpl::NudgeForInitialDownload] Initial download nudge for History
2026-04-11 15:48:17.492: [INFO][SyncManagerImpl::NudgeForInitialDownload] Initial download nudge for Saved Tab Group
2026-04-11 15:48:17.492: [INFO][SyncManagerImpl::NudgeForInitialDownload] Initial download nudge for WebAuthn Credentials
2026-04-11 15:48:17.492: [INFO][SyncManagerImpl::NudgeForInitialDownload] Initial download nudge for Collection
2026-04-11 15:48:17.492: [INFO][SyncManagerImpl::NudgeForInitialDownload] Initial download nudge for Edge E Drop
2026-04-11 15:48:17.492: [INFO][SyncManagerImpl::NudgeForInitialDownload] Initial download nudge for Edge Hub App Usage
2026-04-11 15:48:17.492: [INFO][SyncManagerImpl::NudgeForInitialDownload] Initial download nudge for Edge Wallet
2026-04-11 15:48:17.492: [INFO][SyncManagerImpl::NudgeForInitialDownload] Initial download nudge for Edge Workspace
2026-04-11 15:48:17.492: [INFO][SyncManagerImpl::ConfigureSyncer] Types to download:  with reason: 3
2026-04-11 15:48:17.492: [INFO][SyncEngineBackend::DoFinishConfigureDataTypes] Failed to download types:  and succeeded types: 
2026-04-11 15:48:17.492: [INFO][Sync] ConfigurationDone, failed: , succeeded: , remaining count: 4
2026-04-11 15:48:17.492: [INFO][Sync] Prepare to configure types: Preferences, Device Info, Send Tab To Self, Edge E Drop, Encryption Keys
2026-04-11 15:48:17.492: [INFO][SyncManagerImpl::ConfigureSyncer] Types to download: Preferences, Device Info, Send Tab To Self, Edge E Drop, Encryption Keys with reason: 3
2026-04-11 15:48:17.492: [INFO][SyncSchedulerImpl::DoConfigurationSyncCycleJob] Blocked types:  and types to download: Preferences, Device Info, Send Tab To Self, Edge E Drop, Encryption Keys
2026-04-11 15:48:18.361: [INFO][SyncEngineBackend::DoFinishConfigureDataTypes] Failed to download types:  and succeeded types: Preferences, Device Info, Send Tab To Self, Edge E Drop, Encryption Keys
2026-04-11 15:48:18.368: [INFO][Sync] ConfigurationDone, failed: , succeeded: Preferences, Device Info, Send Tab To Self, Edge E Drop, Encryption Keys, remaining count: 3
2026-04-11 15:48:18.368: [INFO][Sync] Prepare to configure types: Bookmarks, Encryption Keys
2026-04-11 15:48:18.368: [INFO][SyncManagerImpl::ConfigureSyncer] Types to download: Bookmarks, Encryption Keys with reason: 3
2026-04-11 15:48:18.368: [INFO][SyncSchedulerImpl::DoConfigurationSyncCycleJob] Blocked types:  and types to download: Bookmarks, Encryption Keys
2026-04-11 15:48:19.143: [INFO][SyncEngineBackend::DoFinishConfigureDataTypes] Failed to download types:  and succeeded types: Bookmarks, Encryption Keys
2026-04-11 15:48:19.183: [ERROR][Sync] Load Bookmarks, failed: OnInitialUpdateReceived@components\sync_bookmarks\bookmark_data_type_processor.cc:843 - Model error type: 64
2026-04-11 15:48:19.183: [ERROR][Sync] Stoping type: Bookmarks, error: OnInitialUpdateReceived@components\sync_bookmarks\bookmark_data_type_processor.cc:843 - Model error type: 64
2026-04-11 15:48:19.189: [INFO][Sync] ConfigurationDone, failed: , succeeded: Bookmarks, Encryption Keys, remaining count: 2
2026-04-11 15:48:19.189: [WARN][Sync]     Reconfigure requested while configuration ongoing.
2026-04-11 15:48:19.189: [INFO][Sync] Configuring for: Bookmarks, Preferences, Passwords, Autofill Profiles, Autofill, Extensions, Sessions, Extension settings, History Delete Directives, Device Info, User Consents, Send Tab To Self, Web Apps, History, Saved Tab Group, WebAuthn Credentials, Collection, Edge E Drop, Edge Hub App Usage, Edge Wallet, Edge Workspace, Encryption Keys, reason: 3, current state: 2
2026-04-11 15:48:19.189: [WARN][Sync] Crypto error data types: 
2026-04-11 15:48:19.189: [INFO][Sync] Configure, desired: Preferences, Extensions, Sessions, Extension settings, History Delete Directives, Device Info, User Consents, Send Tab To Self, Web Apps, History, Saved Tab Group, WebAuthn Credentials, Collection, Edge E Drop, Edge Hub App Usage, Edge Wallet, Edge Workspace, Encryption Keys; Allow fail: Bookmarks, Passwords, Autofill Profiles, Autofill
2026-04-11 15:48:19.189: [INFO][Sync] All data types are ready for configure.
2026-04-11 15:48:19.189: [INFO][SyncManagerImpl::ConfigureSyncer] Types to download:  with reason: 3
2026-04-11 15:48:19.189: [INFO][SyncEngineBackend::DoFinishConfigureDataTypes] Failed to download types:  and succeeded types: 
2026-04-11 15:48:19.190: [INFO][Sync] ConfigurationDone, failed: , succeeded: , remaining count: 3
2026-04-11 15:48:19.190: [INFO][SyncManagerImpl::ConfigureSyncer] Types to download:  with reason: 3
2026-04-11 15:48:19.190: [INFO][SyncEngineBackend::DoFinishConfigureDataTypes] Failed to download types:  and succeeded types: 
2026-04-11 15:48:19.190: [INFO][Sync] ConfigurationDone, failed: , succeeded: , remaining count: 2
2026-04-11 15:48:19.190: [INFO][Sync] Prepare to configure types: Extensions, Sessions, Extension settings, History Delete Directives, Web Apps, Saved Tab Group, WebAuthn Credentials, Collection, Edge Hub App Usage, Edge Wallet, Edge Workspace, Encryption Keys
2026-04-11 15:48:19.190: [INFO][SyncManagerImpl::ConfigureSyncer] Types to download: Extensions, Sessions, Extension settings, History Delete Directives, Web Apps, Saved Tab Group, WebAuthn Credentials, Collection, Edge Hub App Usage, Edge Wallet, Edge Workspace, Encryption Keys with reason: 3
2026-04-11 15:48:19.190: [INFO][SyncSchedulerImpl::DoConfigurationSyncCycleJob] Blocked types:  and types to download: Extensions, Sessions, Extension settings, History Delete Directives, Web Apps, Saved Tab Group, WebAuthn Credentials, Collection, Edge Hub App Usage, Edge Wallet, Edge Workspace, Encryption Keys
2026-04-11 15:48:20.541: [INFO][SyncEngineBackend::DoFinishConfigureDataTypes] Failed to download types:  and succeeded types: Extensions, Sessions, Extension settings, History Delete Directives, Web Apps, Saved Tab Group, WebAuthn Credentials, Collection, Edge Hub App Usage, Edge Wallet, Edge Workspace, Encryption Keys
2026-04-11 15:48:20.544: [INFO][Sync] ConfigurationDone, failed: , succeeded: Extensions, Sessions, Extension settings, History Delete Directives, Web Apps, Saved Tab Group, WebAuthn Credentials, Collection, Edge Hub App Usage, Edge Wallet, Edge Workspace, Encryption Keys, remaining count: 1
2026-04-11 15:48:20.547: [INFO][Sync] Prepare to configure types: History, Encryption Keys
2026-04-11 15:48:20.547: [INFO][SyncManagerImpl::ConfigureSyncer] Types to download: History, Encryption Keys with reason: 3
2026-04-11 15:48:20.547: [INFO][SyncSchedulerImpl::DoConfigurationSyncCycleJob] Blocked types:  and types to download: History, Encryption Keys
2026-04-11 15:48:20.902: [INFO][SyncAuthManager::SetLastAuthError] Current auth error: None
2026-04-11 15:48:20.902: [INFO][SyncAuthManager::EdgeLogTokenErrorState] Token error with: None for account type: MSA
2026-04-11 15:48:20.903: [INFO][Sync] Credentials changed for: EdgeSyncKeyDataScope
2026-04-11 15:48:33.168: [INFO][SyncEngineBackend::DoFinishConfigureDataTypes] Failed to download types:  and succeeded types: History, Encryption Keys
2026-04-11 15:48:33.168: [INFO][SyncEngineBackend::DoUpdateKeyDataCredentials] Update key data credentials
2026-04-11 15:48:33.175: [INFO][Sync] ConfigurationDone, failed: , succeeded: History, Encryption Keys, remaining count: 0
2026-04-11 15:48:33.183: [INFO][Sync]     Configuration completed, state: 7
2026-04-11 15:48:33.184: [INFO][Sync] Configured DataTypeManager: Ok
2026-04-11 15:48:33.195: [INFO][SyncEngineBackend::DoStartSyncing] Start syncing
2026-04-11 15:48:38.202: [INFO][Sync] Started DataTypeManager configuration, reason: 5
2026-04-11 15:48:38.203: [INFO][Sync] Configuring for: Bookmarks, Preferences, Passwords, Autofill Profiles, Autofill, Extensions, Sessions, Extension settings, History Delete Directives, Device Info, User Consents, Send Tab To Self, Web Apps, History, Saved Tab Group, WebAuthn Credentials, Collection, Edge E Drop, Edge Hub App Usage, Edge Wallet, Edge Workspace, Encryption Keys, reason: 5, current state: 3
2026-04-11 15:48:38.206: [INFO][Sync] Configure, desired: Preferences, Passwords, Autofill Profiles, Autofill, Extensions, Sessions, Extension settings, History Delete Directives, Device Info, User Consents, Send Tab To Self, Web Apps, History, Saved Tab Group, WebAuthn Credentials, Collection, Edge E Drop, Edge Hub App Usage, Edge Wallet, Edge Workspace, Encryption Keys; Allow fail: Bookmarks
2026-04-11 15:48:38.206: [INFO][Sync] Loading: Passwords
2026-04-11 15:48:38.206: [INFO][Sync] Loading: Autofill Profiles
2026-04-11 15:48:38.206: [INFO][Sync] Loading: Autofill
2026-04-11 15:48:38.210: [INFO][Sync] All data types are ready for configure.
2026-04-11 15:48:38.233: [INFO][SyncEngineBackend::DoStartConfiguration] Start configuration
2026-04-11 15:48:38.233: [INFO][SyncManagerImpl::NudgeForInitialDownload] Initial download nudge for Passwords
2026-04-11 15:48:38.233: [INFO][SyncManagerImpl::NudgeForInitialDownload] Initial download nudge for Autofill Profiles
2026-04-11 15:48:38.233: [INFO][SyncManagerImpl::NudgeForInitialDownload] Initial download nudge for Autofill
2026-04-11 15:48:38.233: [INFO][SyncManagerImpl::ConfigureSyncer] Types to download:  with reason: 5
2026-04-11 15:48:38.233: [INFO][SyncEngineBackend::DoFinishConfigureDataTypes] Failed to download types:  and succeeded types: 
2026-04-11 15:48:38.233: [INFO][Sync] ConfigurationDone, failed: , succeeded: , remaining count: 3
2026-04-11 15:48:38.233: [INFO][Sync] Prepare to configure types: Passwords, Encryption Keys
2026-04-11 15:48:38.234: [INFO][SyncManagerImpl::ConfigureSyncer] Types to download: Passwords, Encryption Keys with reason: 5
2026-04-11 15:48:38.235: [INFO][SyncSchedulerImpl::DoConfigurationSyncCycleJob] Blocked types:  and types to download: Passwords, Encryption Keys
2026-04-11 15:48:41.604: [INFO][SyncEngineBackend::DoFinishConfigureDataTypes] Failed to download types:  and succeeded types: Passwords, Encryption Keys
2026-04-11 15:48:41.636: [INFO][Sync] ConfigurationDone, failed: , succeeded: Passwords, Encryption Keys, remaining count: 2
2026-04-11 15:48:41.636: [INFO][Sync] Prepare to configure types: Autofill Profiles, Autofill, Encryption Keys
2026-04-11 15:48:41.636: [INFO][SyncManagerImpl::ConfigureSyncer] Types to download: Autofill Profiles, Autofill, Encryption Keys with reason: 5
2026-04-11 15:48:41.637: [INFO][SyncSchedulerImpl::DoConfigurationSyncCycleJob] Blocked types:  and types to download: Autofill Profiles, Autofill, Encryption Keys
2026-04-11 15:48:44.633: [INFO][SyncEngineBackend::DoFinishConfigureDataTypes] Failed to download types:  and succeeded types: Autofill Profiles, Autofill, Encryption Keys
2026-04-11 15:48:44.636: [INFO][Sync] ConfigurationDone, failed: , succeeded: Autofill Profiles, Autofill, Encryption Keys, remaining count: 1
2026-04-11 15:48:44.639: [INFO][SyncManagerImpl::ConfigureSyncer] Types to download:  with reason: 5
2026-04-11 15:48:44.639: [INFO][SyncEngineBackend::DoFinishConfigureDataTypes] Failed to download types:  and succeeded types: 
2026-04-11 15:48:44.640: [INFO][Sync] ConfigurationDone, failed: , succeeded: , remaining count: 0
2026-04-11 15:48:44.643: [INFO][Sync]     Configuration completed, state: 3
2026-04-11 15:48:44.643: [INFO][Sync] Configured DataTypeManager: Ok
2026-04-11 15:48:44.647: [INFO][SyncEngineBackend::DoStartSyncing] Start syncing
2026-04-11 17:11:30.912: [INFO][Sync] Reset engine, reason: 0
2026-04-11 17:11:30.912: [INFO][Sync] Reset engine with reason: 0
